2/20/2016 3:10:39 AM	This log contains information about the import schema operation into project 'ADOCRUD.DBSource' on computer 'WIN-PGFSS87TAFT' by user 'Daniel Li'.
2/20/2016 3:10:40 AM	Import of database schema has started.
2/20/2016 3:10:43 AM	Gathering database options
2/20/2016 3:10:43 AM	Gathering users
2/20/2016 3:10:43 AM	Gathering roles
2/20/2016 3:10:43 AM	Gathering application roles
2/20/2016 3:10:43 AM	Gathering role memberships
2/20/2016 3:10:43 AM	Gathering filegroups
2/20/2016 3:10:43 AM	Gathering full-text catalogs
2/20/2016 3:10:43 AM	Gathering assemblies
2/20/2016 3:10:43 AM	Gathering certificates
2/20/2016 3:10:43 AM	Gathering asymmetric keys
2/20/2016 3:10:43 AM	Gathering symmetric keys
2/20/2016 3:10:43 AM	Gathering encrypted symmetric keys
2/20/2016 3:10:43 AM	Gathering schemas
2/20/2016 3:10:43 AM	Gathering XML schema collections
2/20/2016 3:10:43 AM	Gathering user-defined data types
2/20/2016 3:10:43 AM	Gathering user-defined types
2/20/2016 3:10:43 AM	Gathering table types
2/20/2016 3:10:43 AM	Gathering unique keys for table types
2/20/2016 3:10:43 AM	Gathering primary keys for table types
2/20/2016 3:10:43 AM	Gathering check constraints for table types
2/20/2016 3:10:43 AM	Gathering default constraints for table types
2/20/2016 3:10:43 AM	Gathering partition functions
2/20/2016 3:10:43 AM	Gathering partition schemes
2/20/2016 3:10:43 AM	Gathering functions
2/20/2016 3:10:43 AM	Gathering encrypted functions
2/20/2016 3:10:43 AM	Gathering aggregates
2/20/2016 3:10:43 AM	Gathering procedures
2/20/2016 3:10:43 AM	Gathering encrypted procedures
2/20/2016 3:10:43 AM	Gathering tables
2/20/2016 3:10:43 AM	Gathering primary keys
2/20/2016 3:10:43 AM	Gathering unique constraints
2/20/2016 3:10:43 AM	Gathering foreign keys
2/20/2016 3:10:43 AM	Gathering default constraints
2/20/2016 3:10:43 AM	Gathering check constraints
2/20/2016 3:10:43 AM	Gathering views
2/20/2016 3:10:43 AM	Gathering encrypted views
2/20/2016 3:10:43 AM	Gathering indexes
2/20/2016 3:10:43 AM	Gathering statistics
2/20/2016 3:10:43 AM	Gathering full-text index stoplists
2/20/2016 3:10:43 AM	Gathering full-text indexes
2/20/2016 3:10:43 AM	Gathering spatial indexes
2/20/2016 3:10:43 AM	Gathering XML indexes
2/20/2016 3:10:43 AM	Gathering encrypted triggers
2/20/2016 3:10:43 AM	Gathering triggers
2/20/2016 3:10:43 AM	Gathering encrypted and clr ddl triggers
2/20/2016 3:10:43 AM	Gathering ddl triggers
2/20/2016 3:10:43 AM	Gathering synonyms
2/20/2016 3:10:43 AM	Gathering defaults
2/20/2016 3:10:43 AM	Gathering data constraint uddt bindings
2/20/2016 3:10:43 AM	Gathering rules
2/20/2016 3:10:43 AM	Gathering data constraint uddt bindings
2/20/2016 3:10:43 AM	Gathering message types
2/20/2016 3:10:43 AM	Gathering queues
2/20/2016 3:10:43 AM	Gathering contracts
2/20/2016 3:10:43 AM	Gathering services
2/20/2016 3:10:43 AM	Gathering event notifications
2/20/2016 3:10:43 AM	Gathering remote service bindings
2/20/2016 3:10:43 AM	Gathering broker priorities
2/20/2016 3:10:43 AM	Gathering signatures
2/20/2016 3:10:43 AM	Gathering data compression options
2/20/2016 3:10:43 AM	Gathering extended properties
2/20/2016 3:10:43 AM	Gathering credentials
2/20/2016 3:10:43 AM	Gathering logins
2/20/2016 3:10:43 AM	Gathering server audits
2/20/2016 3:10:44 AM	Scanning project for duplicate elements
2/20/2016 3:10:44 AM	Finished duplicate element processing
2/20/2016 3:10:44 AM	Finished importing database.
2/20/2016 3:10:44 AM	A summary of the import was saved to the following location: C:\Projects\ADOCRUD\trunk\ADOCRUD.DBSource\Import Schema Logs\ADOCRUD.DBSource_20160220081039.log
2/20/2016 3:10:44 AM	Click Finish to continue...
